<?xml version="1.0" encoding="UTF-8"?>
<testng-results ignored="0" total="1" passed="1" failed="0" skipped="0">
  <reporter-output>
  </reporter-output>
  <suite started-at="2024-03-28T17:01:40 EET" name="Smoke Tests Run" finished-at="2024-03-28T17:01:49 EET" duration-ms="8406">
    <groups>
    </groups>
    <test started-at="2024-03-28T17:01:40 EET" name="Chrome" finished-at="2024-03-28T17:01:49 EET" duration-ms="8406">
      <class name="com.google.tests.N_0001_SearchResultsClickingSearchButtonUnderSearchFieldTest">
        <test-method is-config="true" signature="setUp(java.lang.String)[pri:0, instance:com.google.tests.N_0001_SearchResultsClickingSearchButtonUnderSearchFieldTest@267517e4]" started-at="2024-03-28T17:01:40 EET" name="setUp" finished-at="2024-03-28T17:01:40 EET" duration-ms="50" status="PASS">
          <params>
            <param index="0">
              <value>
                <![CDATA[chrome]]>
              </value>
            </param>
          </params>
          <reporter-output>
          </reporter-output>
        </test-method> <!-- setUp -->
        <test-method is-config="true" signature="goToPage()[pri:0, instance:com.google.tests.N_0001_SearchResultsClickingSearchButtonUnderSearchFieldTest@267517e4]" started-at="2024-03-28T17:01:40 EET" name="goToPage" finished-at="2024-03-28T17:01:46 EET" duration-ms="5045" status="PASS">
          <reporter-output>
          </reporter-output>
        </test-method> <!-- goToPage -->
        <test-method signature="searchResultsClickingSearchButtonUnderSearchField()[pri:0, instance:com.google.tests.N_0001_SearchResultsClickingSearchButtonUnderSearchFieldTest@267517e4]" started-at="2024-03-28T17:01:46 EET" name="searchResultsClickingSearchButtonUnderSearchField" finished-at="2024-03-28T17:01:49 EET" duration-ms="3132" status="PASS">
          <reporter-output>
          </reporter-output>
        </test-method> <!-- searchResultsClickingSearchButtonUnderSearchField -->
      </class> <!-- com.google.tests.N_0001_SearchResultsClickingSearchButtonUnderSearchFieldTest -->
    </test> <!-- Chrome -->
  </suite> <!-- Smoke Tests Run -->
</testng-results>
